<?xml version="1.0" encoding="UTF-8"?>
<testng-results skipped="0" failed="0" ignored="0" total="1" passed="1">
  <reporter-output>
  </reporter-output>
  <suite name="Default suite" duration-ms="16753" started-at="2018-05-25T15:01:49Z" finished-at="2018-05-25T15:02:05Z">
    <groups>
    </groups>
    <test name="Default test" duration-ms="16753" started-at="2018-05-25T15:01:49Z" finished-at="2018-05-25T15:02:05Z">
      <class name="com.Test.RunBrowser">
        <test-method status="PASS" signature="navigation()[pri:0, instance:com.Test.RunBrowser@d2cc05a]" name="navigation" duration-ms="16718" started-at="2018-05-25T20:31:49Z" finished-at="2018-05-25T20:32:05Z">
          <reporter-output>
          </reporter-output>
        </test-method> <!-- navigation -->
      </class> <!-- com.Test.RunBrowser -->
    </test> <!-- Default test -->
  </suite> <!-- Default suite -->
</testng-results>
